MAY THE FORCE BE WITH YOU!
2020-02-11 01:04:24.842037
==================================================================
NUMBER OF TICKS: 31 | NUMBER OF BARS: 7

==================================================================
MOST RECENT DATA
                          Mid   Returns  Direction
2020-02-10 17:03:30  1.091605  0.000005          1
2020-02-10 17:03:45  1.091600 -0.000005         -1
2020-02-10 17:04:00  1.091595 -0.000005         -1
2020-02-10 17:04:15  1.091750  0.000142          1
2020-02-10 17:04:30  1.091755  0.000005          1

==================================================================
features[[ 1  1 -1 -1  1]]
position0
signal-1


2020-02-11 01:04:29.559823
==================================================================


==================================================
Going SHORT.

    tradeId  amountK currency   grossPL  isBuy
0  31775844      100  EUR/USD -17.97632  False
==================================================


****END OF CYCLE****




2020-02-11 01:04:31.884414
==================================================================
NUMBER OF TICKS: 33 | NUMBER OF BARS: 8

==================================================================
MOST RECENT DATA
                          Mid   Returns  Direction
2020-02-10 17:03:45  1.091600 -0.000005         -1
2020-02-10 17:04:00  1.091595 -0.000005         -1
2020-02-10 17:04:15  1.091750  0.000142          1
2020-02-10 17:04:30  1.091750  0.000000         -1
2020-02-10 17:04:45  1.091765  0.000014          1

==================================================================
features[[ 1 -1 -1  1 -1]]
position-1
signal-1


2020-02-11 01:04:31.901148
==================================================================
no trade placed

****END OF CYCLE****




2020-02-11 01:04:54.876340
==================================================================
NUMBER OF TICKS: 45 | NUMBER OF BARS: 9

==================================================================
MOST RECENT DATA
                          Mid   Returns  Direction
2020-02-10 17:04:00  1.091595 -0.000005         -1
2020-02-10 17:04:15  1.091750  0.000142          1
2020-02-10 17:04:30  1.091750  0.000000         -1
2020-02-10 17:04:45  1.091800  0.000046          1
2020-02-10 17:05:00  1.091810  0.000009          1

==================================================================
features[[-1 -1  1 -1  1]]
position-1
signal-1


2020-02-11 01:04:54.892338
==================================================================
no trade placed

****END OF CYCLE****




2020-02-11 01:05:00.851871
==================================================================
NUMBER OF TICKS: 51 | NUMBER OF BARS: 10

==================================================================
MOST RECENT DATA
                         Mid   Returns  Direction
2020-02-10 17:04:15  1.09175  0.000142          1
2020-02-10 17:04:30  1.09175  0.000000         -1
2020-02-10 17:04:45  1.09180  0.000046          1
2020-02-10 17:05:00  1.09180  0.000000         -1
2020-02-10 17:05:15  1.09181  0.000009          1

==================================================================
features[[-1  1 -1  1 -1]]
position-1
signal-1


2020-02-11 01:05:00.875856
==================================================================
no trade placed

****END OF CYCLE****




2020-02-11 01:05:18.418108
==================================================================
NUMBER OF TICKS: 63 | NUMBER OF BARS: 11

==================================================================
MOST RECENT DATA
                          Mid   Returns  Direction
2020-02-10 17:04:30  1.091750  0.000000         -1
2020-02-10 17:04:45  1.091800  0.000046          1
2020-02-10 17:05:00  1.091800  0.000000         -1
2020-02-10 17:05:15  1.091820  0.000018          1
2020-02-10 17:05:30  1.091815 -0.000005         -1

==================================================================
features[[ 1 -1  1 -1  1]]
position-1
signal-1


2020-02-11 01:05:18.432779
==================================================================
no trade placed

****END OF CYCLE****




2020-02-11 01:05:31.410950
==================================================================
NUMBER OF TICKS: 72 | NUMBER OF BARS: 12

==================================================================
MOST RECENT DATA
                          Mid   Returns  Direction
2020-02-10 17:04:45  1.091800  0.000046          1
2020-02-10 17:05:00  1.091800  0.000000         -1
2020-02-10 17:05:15  1.091820  0.000018          1
2020-02-10 17:05:30  1.091845  0.000023          1
2020-02-10 17:05:45  1.091840 -0.000005         -1

==================================================================
features[[-1  1 -1  1  1]]
position-1
signal-1


2020-02-11 01:05:31.423971
==================================================================
no trade placed

****END OF CYCLE****




2020-02-11 01:05:52.870987
==================================================================
NUMBER OF TICKS: 83 | NUMBER OF BARS: 13

==================================================================
MOST RECENT DATA
                          Mid   Returns  Direction
2020-02-10 17:05:00  1.091800  0.000000         -1
2020-02-10 17:05:15  1.091820  0.000018          1
2020-02-10 17:05:30  1.091845  0.000023          1
2020-02-10 17:05:45  1.091815 -0.000027         -1
2020-02-10 17:06:00  1.091820  0.000005          1

==================================================================
features[[ 1 -1  1  1 -1]]
position-1
signal-1


2020-02-11 01:05:52.887728
==================================================================
no trade placed

****END OF CYCLE****




2020-02-11 01:06:03.442579
==================================================================
NUMBER OF TICKS: 88 | NUMBER OF BARS: 14

==================================================================
MOST RECENT DATA
                          Mid   Returns  Direction
2020-02-10 17:05:15  1.091820  0.000018          1
2020-02-10 17:05:30  1.091845  0.000023          1
2020-02-10 17:05:45  1.091815 -0.000027         -1
2020-02-10 17:06:00  1.091840  0.000023          1
2020-02-10 17:06:15  1.091840  0.000000         -1

==================================================================
features[[-1  1  1 -1  1]]
position-1
signal-1


2020-02-11 01:06:03.462068
==================================================================
no trade placed

****END OF CYCLE****




2020-02-11 01:06:17.363521
==================================================================
NUMBER OF TICKS: 97 | NUMBER OF BARS: 15

==================================================================
MOST RECENT DATA
                          Mid   Returns  Direction
2020-02-10 17:05:30  1.091845  0.000023          1
2020-02-10 17:05:45  1.091815 -0.000027         -1
2020-02-10 17:06:00  1.091840  0.000023          1
2020-02-10 17:06:15  1.091815 -0.000023         -1
2020-02-10 17:06:30  1.091815  0.000000         -1

==================================================================
features[[ 1  1 -1  1 -1]]
position-1
signal-1


2020-02-11 01:06:17.380103
==================================================================
no trade placed

****END OF CYCLE****




2020-02-11 01:06:32.851019
==================================================================
NUMBER OF TICKS: 101 | NUMBER OF BARS: 16

==================================================================
MOST RECENT DATA
                          Mid   Returns  Direction
2020-02-10 17:05:45  1.091815 -0.000027         -1
2020-02-10 17:06:00  1.091840  0.000023          1
2020-02-10 17:06:15  1.091815 -0.000023         -1
2020-02-10 17:06:30  1.091820  0.000005          1
2020-02-10 17:06:45  1.091835  0.000014          1

==================================================================
features[[ 1 -1  1 -1  1]]
position-1
signal-1


2020-02-11 01:06:32.865929
==================================================================
no trade placed

****END OF CYCLE****




2020-02-11 01:06:45.413322
==================================================================
NUMBER OF TICKS: 117 | NUMBER OF BARS: 17

==================================================================
MOST RECENT DATA
                          Mid   Returns  Direction
2020-02-10 17:06:00  1.091840  0.000023          1
2020-02-10 17:06:15  1.091815 -0.000023         -1
2020-02-10 17:06:30  1.091820  0.000005          1
2020-02-10 17:06:45  1.091930  0.000101          1
2020-02-10 17:07:00  1.091925 -0.000005         -1

==================================================================
features[[-1  1 -1  1  1]]
position-1
signal-1


2020-02-11 01:06:45.424492
==================================================================
no trade placed

****END OF CYCLE****




2020-02-11 01:07:00.965374
==================================================================
NUMBER OF TICKS: 131 | NUMBER OF BARS: 18

==================================================================
MOST RECENT DATA
                          Mid   Returns  Direction
2020-02-10 17:06:15  1.091815 -0.000023         -1
2020-02-10 17:06:30  1.091820  0.000005          1
2020-02-10 17:06:45  1.091930  0.000101          1
2020-02-10 17:07:00  1.091955  0.000023          1
2020-02-10 17:07:15  1.091955  0.000000         -1

==================================================================
features[[ 1 -1  1  1  1]]
position-1
signal-1


2020-02-11 01:07:00.979392
==================================================================
no trade placed

****END OF CYCLE****




2020-02-11 01:07:18.465280
==================================================================
NUMBER OF TICKS: 148 | NUMBER OF BARS: 19

==================================================================
MOST RECENT DATA
                          Mid   Returns  Direction
2020-02-10 17:06:30  1.091820  0.000005          1
2020-02-10 17:06:45  1.091930  0.000101          1
2020-02-10 17:07:00  1.091955  0.000023          1
2020-02-10 17:07:15  1.091895 -0.000055         -1
2020-02-10 17:07:30  1.091900  0.000005          1

==================================================================
features[[-1  1  1  1 -1]]
position-1
signal-1


2020-02-11 01:07:18.482915
==================================================================
no trade placed

****END OF CYCLE****




2020-02-11 01:07:30.408320
==================================================================
NUMBER OF TICKS: 152 | NUMBER OF BARS: 20

==================================================================
MOST RECENT DATA
                          Mid   Returns  Direction
2020-02-10 17:06:45  1.091930  0.000101          1
2020-02-10 17:07:00  1.091955  0.000023          1
2020-02-10 17:07:15  1.091895 -0.000055         -1
2020-02-10 17:07:30  1.091905  0.000009          1
2020-02-10 17:07:45  1.091925  0.000018          1

==================================================================
features[[ 1  1  1 -1  1]]
position-1
signal-1


2020-02-11 01:07:30.436126
==================================================================
no trade placed

****END OF CYCLE****




2020-02-11 01:07:47.938206
==================================================================
NUMBER OF TICKS: 164 | NUMBER OF BARS: 21

==================================================================
MOST RECENT DATA
                          Mid   Returns  Direction
2020-02-10 17:07:00  1.091955  0.000023          1
2020-02-10 17:07:15  1.091895 -0.000055         -1
2020-02-10 17:07:30  1.091905  0.000009          1
2020-02-10 17:07:45  1.091955  0.000046          1
2020-02-10 17:08:00  1.091950 -0.000005         -1

==================================================================
features[[ 1  1 -1  1  1]]
position-1
signal-1


2020-02-11 01:07:47.951594
==================================================================
no trade placed

****END OF CYCLE****




2020-02-11 01:08:00.424941
==================================================================
NUMBER OF TICKS: 176 | NUMBER OF BARS: 22

==================================================================
MOST RECENT DATA
                          Mid   Returns  Direction
2020-02-10 17:07:15  1.091895 -0.000055         -1
2020-02-10 17:07:30  1.091905  0.000009          1
2020-02-10 17:07:45  1.091955  0.000046          1
2020-02-10 17:08:00  1.091930 -0.000023         -1
2020-02-10 17:08:15  1.091925 -0.000005         -1

==================================================================
features[[ 1 -1  1  1 -1]]
position-1
signal-1


2020-02-11 01:08:00.439208
==================================================================
no trade placed

****END OF CYCLE****




2020-02-11 01:08:15.464605
==================================================================
NUMBER OF TICKS: 197 | NUMBER OF BARS: 23

==================================================================
MOST RECENT DATA
                          Mid   Returns  Direction
2020-02-10 17:07:30  1.091905  0.000009          1
2020-02-10 17:07:45  1.091955  0.000046          1
2020-02-10 17:08:00  1.091930 -0.000023         -1
2020-02-10 17:08:15  1.091770 -0.000147         -1
2020-02-10 17:08:30  1.091765 -0.000005         -1

==================================================================
features[[-1  1  1 -1 -1]]
position-1
signal-1


2020-02-11 01:08:15.481475
==================================================================
no trade placed

****END OF CYCLE****




2020-02-11 01:08:32.452118
==================================================================
NUMBER OF TICKS: 212 | NUMBER OF BARS: 24

==================================================================
MOST RECENT DATA
                          Mid   Returns  Direction
2020-02-10 17:07:45  1.091955  0.000046          1
2020-02-10 17:08:00  1.091930 -0.000023         -1
2020-02-10 17:08:15  1.091770 -0.000147         -1
2020-02-10 17:08:30  1.091760 -0.000009         -1
2020-02-10 17:08:45  1.091760  0.000000         -1

==================================================================
features[[ 1  1 -1 -1 -1]]
position-1
signal-1


2020-02-11 01:08:32.468545
==================================================================
no trade placed

****END OF CYCLE****




2020-02-11 01:08:46.369946
==================================================================
NUMBER OF TICKS: 228 | NUMBER OF BARS: 25

==================================================================
MOST RECENT DATA
                          Mid   Returns  Direction
2020-02-10 17:08:00  1.091930 -0.000023         -1
2020-02-10 17:08:15  1.091770 -0.000147         -1
2020-02-10 17:08:30  1.091760 -0.000009         -1
2020-02-10 17:08:45  1.091695 -0.000060         -1
2020-02-10 17:09:00  1.091690 -0.000005         -1

==================================================================
features[[ 1 -1 -1 -1 -1]]
position-1
signal-1


2020-02-11 01:08:46.382631
==================================================================
no trade placed

****END OF CYCLE****




2020-02-11 01:09:08.881576
==================================================================
NUMBER OF TICKS: 246 | NUMBER OF BARS: 26

==================================================================
MOST RECENT DATA
                          Mid   Returns  Direction
2020-02-10 17:08:15  1.091770 -0.000147         -1
2020-02-10 17:08:30  1.091760 -0.000009         -1
2020-02-10 17:08:45  1.091695 -0.000060         -1
2020-02-10 17:09:00  1.091660 -0.000032         -1
2020-02-10 17:09:15  1.091655 -0.000005         -1

==================================================================
features[[-1 -1 -1 -1 -1]]
position-1
signal-1


2020-02-11 01:09:08.895868
==================================================================
no trade placed

****END OF CYCLE****




2020-02-11 01:09:15.942504
==================================================================
NUMBER OF TICKS: 250 | NUMBER OF BARS: 27

==================================================================
MOST RECENT DATA
                          Mid   Returns  Direction
2020-02-10 17:08:30  1.091760 -0.000009         -1
2020-02-10 17:08:45  1.091695 -0.000060         -1
2020-02-10 17:09:00  1.091660 -0.000032         -1
2020-02-10 17:09:15  1.091640 -0.000018         -1
2020-02-10 17:09:30  1.091630 -0.000009         -1

==================================================================
features[[-1 -1 -1 -1 -1]]
position-1
signal-1


2020-02-11 01:09:15.963201
==================================================================
no trade placed

****END OF CYCLE****




2020-02-11 01:09:43.881169
==================================================================
NUMBER OF TICKS: 266 | NUMBER OF BARS: 28

==================================================================
MOST RECENT DATA
                          Mid   Returns  Direction
2020-02-10 17:08:45  1.091695 -0.000060         -1
2020-02-10 17:09:00  1.091660 -0.000032         -1
2020-02-10 17:09:15  1.091640 -0.000018         -1
2020-02-10 17:09:30  1.091610 -0.000027         -1
2020-02-10 17:09:45  1.091600 -0.000009         -1

==================================================================
features[[-1 -1 -1 -1 -1]]
position-1
signal-1


2020-02-11 01:09:43.894568
==================================================================
no trade placed

****END OF CYCLE****




2020-02-11 01:09:45.850709
==================================================================
NUMBER OF TICKS: 268 | NUMBER OF BARS: 29

==================================================================
MOST RECENT DATA
                          Mid   Returns  Direction
2020-02-10 17:09:00  1.091660 -0.000032         -1
2020-02-10 17:09:15  1.091640 -0.000018         -1
2020-02-10 17:09:30  1.091610 -0.000027         -1
2020-02-10 17:09:45  1.091595 -0.000014         -1
2020-02-10 17:10:00  1.091590 -0.000005         -1

==================================================================
features[[-1 -1 -1 -1 -1]]
position-1
signal-1


2020-02-11 01:09:45.868530
==================================================================
no trade placed

****END OF CYCLE****




2020-02-11 01:10:16.862105
==================================================================
NUMBER OF TICKS: 274 | NUMBER OF BARS: 31

==================================================================
MOST RECENT DATA
                          Mid   Returns  Direction
2020-02-10 17:09:30  1.091610 -0.000027         -1
2020-02-10 17:09:45  1.091595 -0.000014         -1
2020-02-10 17:10:00  1.091590 -0.000005         -1
2020-02-10 17:10:15  1.091590  0.000000         -1
2020-02-10 17:10:30  1.091580 -0.000009         -1

==================================================================
features[[-1 -1 -1 -1 -1]]
position-1
signal-1


2020-02-11 01:10:16.875015
==================================================================
no trade placed

****END OF CYCLE****




2020-02-11 01:10:31.468223
==================================================================
NUMBER OF TICKS: 284 | NUMBER OF BARS: 32

==================================================================
MOST RECENT DATA
                          Mid   Returns  Direction
2020-02-10 17:09:45  1.091595 -0.000014         -1
2020-02-10 17:10:00  1.091590 -0.000005         -1
2020-02-10 17:10:15  1.091590  0.000000         -1
2020-02-10 17:10:30  1.091560 -0.000027         -1
2020-02-10 17:10:45  1.091570  0.000009          1

==================================================================
features[[-1 -1 -1 -1 -1]]
position-1
signal-1


2020-02-11 01:10:31.482496
==================================================================
no trade placed

****END OF CYCLE****




2020-02-11 01:10:46.415670
==================================================================
NUMBER OF TICKS: 297 | NUMBER OF BARS: 33

==================================================================
MOST RECENT DATA
                         Mid   Returns  Direction
2020-02-10 17:10:00  1.09159 -0.000005         -1
2020-02-10 17:10:15  1.09159  0.000000         -1
2020-02-10 17:10:30  1.09156 -0.000027         -1
2020-02-10 17:10:45  1.09155 -0.000009         -1
2020-02-10 17:11:00  1.09156  0.000009          1

==================================================================
features[[-1 -1 -1 -1 -1]]
position-1
signal-1


2020-02-11 01:10:46.429666
==================================================================
no trade placed

****END OF CYCLE****




2020-02-11 01:11:00.937498
==================================================================
NUMBER OF TICKS: 305 | NUMBER OF BARS: 34

==================================================================
MOST RECENT DATA
                         Mid   Returns  Direction
2020-02-10 17:10:15  1.09159  0.000000         -1
2020-02-10 17:10:30  1.09156 -0.000027         -1
2020-02-10 17:10:45  1.09155 -0.000009         -1
2020-02-10 17:11:00  1.09155  0.000000         -1
2020-02-10 17:11:15  1.09154 -0.000009         -1

==================================================================
features[[-1 -1 -1 -1 -1]]
position-1
signal-1


2020-02-11 01:11:00.961220
==================================================================
no trade placed

****END OF CYCLE****




2020-02-11 01:11:16.396262
==================================================================
NUMBER OF TICKS: 310 | NUMBER OF BARS: 35

==================================================================
MOST RECENT DATA
                          Mid   Returns  Direction
2020-02-10 17:10:30  1.091560 -0.000027         -1
2020-02-10 17:10:45  1.091550 -0.000009         -1
2020-02-10 17:11:00  1.091550  0.000000         -1
2020-02-10 17:11:15  1.091545 -0.000005         -1
2020-02-10 17:11:30  1.091545  0.000000         -1

==================================================================
features[[-1 -1 -1 -1 -1]]
position-1
signal-1


2020-02-11 01:11:16.417578
==================================================================
no trade placed

****END OF CYCLE****




2020-02-11 01:11:32.456739
==================================================================
NUMBER OF TICKS: 320 | NUMBER OF BARS: 36

==================================================================
MOST RECENT DATA
                          Mid   Returns  Direction
2020-02-10 17:10:45  1.091550 -0.000009         -1
2020-02-10 17:11:00  1.091550  0.000000         -1
2020-02-10 17:11:15  1.091545 -0.000005         -1
2020-02-10 17:11:30  1.091550  0.000005          1
2020-02-10 17:11:45  1.091545 -0.000005         -1

==================================================================
features[[-1 -1 -1 -1  1]]
position-1
signal-1


2020-02-11 01:11:32.471705
==================================================================
no trade placed

****END OF CYCLE****




2020-02-11 01:11:48.420825
==================================================================
NUMBER OF TICKS: 328 | NUMBER OF BARS: 37

==================================================================
MOST RECENT DATA
                          Mid   Returns  Direction
2020-02-10 17:11:00  1.091550  0.000000         -1
2020-02-10 17:11:15  1.091545 -0.000005         -1
2020-02-10 17:11:30  1.091550  0.000005          1
2020-02-10 17:11:45  1.091550  0.000000         -1
2020-02-10 17:12:00  1.091550  0.000000         -1

==================================================================
features[[-1 -1 -1  1 -1]]
position-1
signal-1


2020-02-11 01:11:48.439980
==================================================================
no trade placed

****END OF CYCLE****




2020-02-11 01:12:00.904062
==================================================================
NUMBER OF TICKS: 338 | NUMBER OF BARS: 38

==================================================================
MOST RECENT DATA
                          Mid   Returns  Direction
2020-02-10 17:11:15  1.091545 -0.000005         -1
2020-02-10 17:11:30  1.091550  0.000005          1
2020-02-10 17:11:45  1.091550  0.000000         -1
2020-02-10 17:12:00  1.091580  0.000027          1
2020-02-10 17:12:15  1.091575 -0.000005         -1

==================================================================
features[[-1 -1  1 -1  1]]
position-1
signal-1


2020-02-11 01:12:00.916985
==================================================================
no trade placed

****END OF CYCLE****




2020-02-11 01:12:18.403902
==================================================================
NUMBER OF TICKS: 346 | NUMBER OF BARS: 39

==================================================================
MOST RECENT DATA
                         Mid   Returns  Direction
2020-02-10 17:11:30  1.09155  0.000005          1
2020-02-10 17:11:45  1.09155  0.000000         -1
2020-02-10 17:12:00  1.09158  0.000027          1
2020-02-10 17:12:15  1.09158  0.000000         -1
2020-02-10 17:12:30  1.09160  0.000018          1

==================================================================
features[[-1  1 -1  1 -1]]
position-1
signal-1


2020-02-11 01:12:18.418016
==================================================================
no trade placed

****END OF CYCLE****




2020-02-11 01:12:32.423546
==================================================================
NUMBER OF TICKS: 347 | NUMBER OF BARS: 40

==================================================================
MOST RECENT DATA
                         Mid   Returns  Direction
2020-02-10 17:11:45  1.09155  0.000000         -1
2020-02-10 17:12:00  1.09158  0.000027          1
2020-02-10 17:12:15  1.09158  0.000000         -1
2020-02-10 17:12:30  1.09160  0.000018          1
2020-02-10 17:12:45  1.09159 -0.000009         -1

==================================================================
features[[ 1 -1  1 -1  1]]
position-1
signal-1


2020-02-11 01:12:32.440410
==================================================================
no trade placed

****END OF CYCLE****




2020-02-11 01:12:38.986252
==================================================================


==================================================
Going CLOSE_OUT.

    tradeId  amountK currency  grossPL  isBuy
0  31775844      100  EUR/USD  7.49024  False
==================================================



2020-02-11 01:12:40.308918
==================================================================
***CLOSING OUT ALL POSITIONS***

